<?xml version="1.0" encoding="UTF-8"?>
<testng-results skipped="0" failed="0" total="1" passed="1">
  <reporter-output>
  </reporter-output>
  <suite name="Default suite" duration-ms="3405" started-at="2023-06-03T16:00:03Z" finished-at="2023-06-03T16:00:06Z">
    <groups>
    </groups>
    <test name="Default test" duration-ms="3405" started-at="2023-06-03T16:00:03Z" finished-at="2023-06-03T16:00:06Z">
      <class name="stepDefinitions.TestBrowser">
        <test-method status="PASS" signature="test()[pri:0, instance:stepDefinitions.TestBrowser@573f2bb1]" name="test" duration-ms="3391" started-at="2023-06-03T12:00:03Z" finished-at="2023-06-03T12:00:06Z">
          <reporter-output>
          </reporter-output>
        </test-method> <!-- test -->
      </class> <!-- stepDefinitions.TestBrowser -->
    </test> <!-- Default test -->
  </suite> <!-- Default suite -->
</testng-results>
